[debug] [2022-12-20T14:02:22.384Z] ----------------------------------------------------------------------
[debug] [2022-12-20T14:02:22.385Z] Command:       C:\Program Files\nodejs\node.exe C:\Users\tamim\AppData\Roaming\npm\node_modules\firebase-tools\lib\bin\firebase.js deploy
[debug] [2022-12-20T14:02:22.386Z] CLI Version:   11.18.0
[debug] [2022-12-20T14:02:22.386Z] Platform:      win32
[debug] [2022-12-20T14:02:22.386Z] Node Version:  v18.12.0
[debug] [2022-12-20T14:02:22.386Z] Time:          Tue Dec 20 2022 20:02:22 GMT+0600 (Bangladesh Standard Time)
[debug] [2022-12-20T14:02:22.387Z] ----------------------------------------------------------------------
[debug] 
[debug] [2022-12-20T14:02:22.389Z] >>> [apiv2][query] GET https://firebase-public.firebaseio.com/cli.json [none]
[debug] [2022-12-20T14:02:22.477Z] > command requires scopes: ["email","openid","https://www.googleapis.com/auth/cloudplatformprojects.readonly","https://www.googleapis.com/auth/firebase","https://www.googleapis.com/auth/cloud-platform"]
[debug] [2022-12-20T14:02:22.477Z] > authorizing via signed-in user (fahad01303105521@gmail.com)
[debug] [2022-12-20T14:02:22.477Z] [iam] checking project timekeeper-217e1 for permissions ["firebase.projects.get","firebasehosting.sites.update"]
[debug] [2022-12-20T14:02:22.478Z] > refreshing access token with scopes: []
[debug] [2022-12-20T14:02:22.479Z] >>> [apiv2][query] POST https://www.googleapis.com/oauth2/v3/token [none]
[debug] [2022-12-20T14:02:22.479Z] >>> [apiv2][body] POST https://www.googleapis.com/oauth2/v3/token [omitted]
[debug] [2022-12-20T14:02:22.810Z] <<< [apiv2][status] POST https://www.googleapis.com/oauth2/v3/token 200
[debug] [2022-12-20T14:02:22.811Z] <<< [apiv2][body] POST https://www.googleapis.com/oauth2/v3/token [omitted]
[debug] [2022-12-20T14:02:22.817Z] >>> [apiv2][query] POST https://cloudresourcemanager.googleapis.com/v1/projects/timekeeper-217e1:testIamPermissions [none]
[debug] [2022-12-20T14:02:22.817Z] >>> [apiv2][(partial)header] POST https://cloudresourcemanager.googleapis.com/v1/projects/timekeeper-217e1:testIamPermissions x-goog-quota-user=projects/timekeeper-217e1
[debug] [2022-12-20T14:02:22.818Z] >>> [apiv2][body] POST https://cloudresourcemanager.googleapis.com/v1/projects/timekeeper-217e1:testIamPermissions {"permissions":["firebase.projects.get","firebasehosting.sites.update"]}
[debug] [2022-12-20T14:02:23.486Z] <<< [apiv2][status] GET https://firebase-public.firebaseio.com/cli.json 200
[debug] [2022-12-20T14:02:23.486Z] <<< [apiv2][body] GET https://firebase-public.firebaseio.com/cli.json {"cloudBuildErrorAfter":1594252800000,"cloudBuildWarnAfter":1590019200000,"defaultNode10After":1594252800000,"minVersion":"3.0.5","node8DeploysDisabledAfter":1613390400000,"node8RuntimeDisabledAfter":1615809600000,"node8WarnAfter":1600128000000}
[debug] [2022-12-20T14:02:24.515Z] <<< [apiv2][status] POST https://cloudresourcemanager.googleapis.com/v1/projects/timekeeper-217e1:testIamPermissions 200
[debug] [2022-12-20T14:02:24.515Z] <<< [apiv2][body] POST https://cloudresourcemanager.googleapis.com/v1/projects/timekeeper-217e1:testIamPermissions {"permissions":["firebase.projects.get","firebasehosting.sites.update"]}
[debug] [2022-12-20T14:02:24.516Z] >>> [apiv2][query] GET https://firebase.googleapis.com/v1beta1/projects/timekeeper-217e1 [none]
[debug] [2022-12-20T14:02:25.719Z] <<< [apiv2][status] GET https://firebase.googleapis.com/v1beta1/projects/timekeeper-217e1 200
[debug] [2022-12-20T14:02:25.719Z] <<< [apiv2][body] GET https://firebase.googleapis.com/v1beta1/projects/timekeeper-217e1 {"projectId":"timekeeper-217e1","projectNumber":"62803216587","displayName":"timekeeper","name":"projects/timekeeper-217e1","resources":{"hostingSite":"timekeeper-217e1"},"state":"ACTIVE","etag":"1_cb328427-e665-4605-b156-df5bfa28906f"}
[info] 
[info] === Deploying to 'timekeeper-217e1'...
[info] 
[info] i  deploying hosting 
[debug] [2022-12-20T14:02:25.724Z] >>> [apiv2][query] POST https://firebasehosting.googleapis.com/v1beta1/projects/-/sites/timekeeper-217e1/versions [none]
[debug] [2022-12-20T14:02:25.724Z] >>> [apiv2][body] POST https://firebasehosting.googleapis.com/v1beta1/projects/-/sites/timekeeper-217e1/versions {"status":"CREATED","labels":{"deployment-tool":"cli-firebase"}}
[debug] [2022-12-20T14:02:27.646Z] <<< [apiv2][status] POST https://firebasehosting.googleapis.com/v1beta1/projects/-/sites/timekeeper-217e1/versions 200
[debug] [2022-12-20T14:02:27.647Z] <<< [apiv2][body] POST https://firebasehosting.googleapis.com/v1beta1/projects/-/sites/timekeeper-217e1/versions {"name":"projects/62803216587/sites/timekeeper-217e1/versions/6023454b9c54b645","status":"CREATED","config":{},"labels":{"deployment-tool":"cli-firebase"}}
